<?xml version="1.0" encoding="UTF-8"?>
<testsuite xmlns:xsi="http://www.w3.org/2001/XMLSchema-instance" xsi:noNamespaceSchemaLocation="https://maven.apache.org/surefire/maven-surefire-plugin/xsd/surefire-test-report-3.0.xsd" version="3.0" name="com.deepthoughtnet.clinic.ai.orchestration.service.impl.AiRequestAuditQueryServiceImplTest" time="1.929" tests="2" errors="0" skipped="0" failures="0">
  <properties>
[...]
</properties>
  <testcase name="recentMapsRepositoryRows" classname="com.deepthoughtnet.clinic.ai.orchestration.service.impl.AiRequestAuditQueryServiceImplTest" time="1.879">
    <system-err><![CDATA[WARNING: A Java agent has been loaded dynamically (/tmp/m2/net/bytebuddy/byte-buddy-agent/1.14.13/byte-buddy-agent-1.14.13.jar)
WARNING: If a serviceability tool is in use, please run with -XX:+EnableDynamicAgentLoading to hide this warning
WARNING: If a serviceability tool is not in use, please run with -Djdk.instrument.traceUsage for more information
WARNING: Dynamic loading of agents will be disallowed by default in a future release
]]></system-err>
  </testcase>
  <testcase name="recentReturnsEmptyWhenTenantOrProductMissing" classname="com.deepthoughtnet.clinic.ai.orchestration.service.impl.AiRequestAuditQueryServiceImplTest" time="0.002"/>
</testsuite>